c:\users\admınıstrator\desktop\14_10_2014\ornek_8\ornek_8\debug\ornek_8.pch
c:\users\admınıstrator\desktop\14_10_2014\ornek_8\ornek_8\debug\vc120.pdb
c:\users\admınıstrator\desktop\14_10_2014\ornek_8\ornek_8\debug\vc120.ıdb
c:\users\admınıstrator\desktop\14_10_2014\ornek_8\ornek_8\debug\stdafx.obj
c:\users\admınıstrator\desktop\14_10_2014\ornek_8\ornek_8\debug\ornek_8.obj
c:\users\admınıstrator\desktop\14_10_2014\ornek_8\debug\ornek_8.ılk
c:\users\admınıstrator\desktop\14_10_2014\ornek_8\debug\ornek_8.exe
c:\users\admınıstrator\desktop\14_10_2014\ornek_8\debug\ornek_8.pdb
c:\users\administrator\desktop\14_10_2014\ornek_8\ornek_8\debug\ornek_8.obj
c:\users\administrator\desktop\14_10_2014\ornek_8\ornek_8\debug\stdafx.obj
c:\users\administrator\desktop\14_10_2014\ornek_8\ornek_8\debug\ornek_8.pch
c:\users\administrator\desktop\14_10_2014\ornek_8\ornek_8\debug\vc120.idb
c:\users\administrator\desktop\14_10_2014\ornek_8\ornek_8\debug\vc120.pdb
c:\users\administrator\desktop\14_10_2014\ornek_8\debug\ornek_8.pdb
c:\users\administrator\desktop\14_10_2014\ornek_8\debug\ornek_8.exe
c:\users\administrator\desktop\14_10_2014\ornek_8\debug\ornek_8.ilk
c:\users\administrator\desktop\14_10_2014\ornek_8\ornek_8\debug\ornek_8.tlog\cl.command.1.tlog
c:\users\administrator\desktop\14_10_2014\ornek_8\ornek_8\debug\ornek_8.tlog\cl.read.1.tlog
c:\users\administrator\desktop\14_10_2014\ornek_8\ornek_8\debug\ornek_8.tlog\cl.write.1.tlog
c:\users\administrator\desktop\14_10_2014\ornek_8\ornek_8\debug\ornek_8.tlog\link.command.1.tlog
c:\users\administrator\desktop\14_10_2014\ornek_8\ornek_8\debug\ornek_8.tlog\link.read.1.tlog
c:\users\administrator\desktop\14_10_2014\ornek_8\ornek_8\debug\ornek_8.tlog\link.write.1.tlog
